Using pre-set license
Built from '2020.3/staging' branch; Version is '2020.3.6f1 (338bb68529b2) revision 3378102'; Using compiler version '192528614'; Build Type 'Release'
OS: 'Windows 10 Pro; OS build 19042.928; Version 2009; 64bit' Language: 'en' Physical Memory: 16348 MB
BatchMode: 1, IsHumanControllingUs: 0, StartBugReporterOnCrash: 0, Is64bit: 1, IsPro: 0

 COMMAND LINE ARGUMENTS:
C:\Program Files\Unity\Hub\Editor\2020.3.6f1\Editor\Unity.exe
-adb2
-batchMode
-noUpm
-name
AssetImportWorker0
-projectPath
D:/CODE/Horror_Game
-logFile
Logs/AssetImportWorker0.log
-srvPort
50796
Successfully changed project path to: D:/CODE/Horror_Game
D:/CODE/Horror_Game
Using Asset Import Pipeline V2.
Refreshing native plugins compatible for Editor in 32.45 ms, found 0 plugins.
Preloading 0 native plugins for Editor in 0.00 ms.
Initialize engine version: 2020.3.6f1 (338bb68529b2)
[Subsystems] Discovering subsystems at path C:/Program Files/Unity/Hub/Editor/2020.3.6f1/Editor/Data/Resources/UnitySubsystems
[Subsystems] Discovering subsystems at path D:/CODE/Horror_Game/Assets
GfxDevice: creating device client; threaded=0
Direct3D:
    Version:  Direct3D 11.0 [level 11.1]
    Renderer: NVIDIA GeForce GTX 1060 6GB (ID=0x1c03)
    Vendor:   
    VRAM:     6052 MB
    Driver:   27.21.14.6089
Initialize mono
Mono path[0] = 'C:/Program Files/Unity/Hub/Editor/2020.3.6f1/Editor/Data/Managed'
Mono path[1] = 'C:/Program Files/Unity/Hub/Editor/2020.3.6f1/Editor/Data/MonoBleedingEdge/lib/mono/unityjit'
Mono config path = 'C:/Program Files/Unity/Hub/Editor/2020.3.6f1/Editor/Data/MonoBleedingEdge/etc'
Using monoOptions --debugger-agent=transport=dt_socket,embedding=1,server=y,suspend=n,address=127.0.0.1:56224
Begin MonoManager ReloadAssembly
Registering precompiled unity dll's ...
Register platform support module: C:/Program Files/Unity/Hub/Editor/2020.3.6f1/Editor/Data/PlaybackEngines/WindowsStandaloneSupport/UnityEditor.WindowsStandalone.Extensions.dll
Registered in 0.003482 seconds.
Native extension for WindowsStandalone target not found
Refreshing native plugins compatible for Editor in 31.49 ms, found 0 plugins.
Preloading 0 native plugins for Editor in 0.00 ms.
Mono: successfully reloaded assembly
- Completed reload, in  1.617 seconds
Platform modules already initialized, skipping
Registering precompiled user dll's ...
Registered in 0.000879 seconds.
Begin MonoManager ReloadAssembly
Native extension for WindowsStandalone target not found
Refreshing native plugins compatible for Editor in 0.21 ms, found 0 plugins.
Preloading 0 native plugins for Editor in 0.00 ms.
Mono: successfully reloaded assembly
- Completed reload, in  1.328 seconds
Platform modules already initialized, skipping
========================================================================
Worker process is ready to serve import requests
Launched and connected shader compiler UnityShaderCompiler.exe after 0.09 seconds
Refreshing native plugins compatible for Editor in 2.02 ms, found 0 plugins.
Preloading 0 native plugins for Editor in 0.00 ms.
Unloading 1118 Unused Serialized files (Serialized files now loaded: 0)
System memory in use before: 58.2 MB.
System memory in use after: 58.2 MB.

Unloading 10 unused Assets to reduce memory usage. Loaded Objects now: 1563.
Total: 2.738500 ms (FindLiveObjects: 0.511300 ms CreateObjectMapping: 0.830800 ms MarkObjects: 1.314600 ms  DeleteObjects: 0.079700 ms)

========================================================================
Received Import Request.
  path: Assets/groundMaterial.mat
  artifactKey: Guid(51681050b3441b14daf5fdeaf3cb0734) Importer(815301076,1909f56bfc062723c751e8b465ee728b)
Start importing Assets/groundMaterial.mat using Guid(51681050b3441b14daf5fdeaf3cb0734) Importer(815301076,1909f56bfc062723c751e8b465ee728b)  -> (artifact id: '0329c62df659c42309afb321221ec724') in 0.150438 seconds
  Import took 0.153012 seconds .

========================================================================
Received Import Request.
  Time since last request: 31.328568 seconds.
  path: Assets/Scenes/SampleScene.unity
  artifactKey: Guid(9fc0d4010bbf28b4594072e72b8655ab) Importer(815301076,1909f56bfc062723c751e8b465ee728b)
Start importing Assets/Scenes/SampleScene.unity using Guid(9fc0d4010bbf28b4594072e72b8655ab) Importer(815301076,1909f56bfc062723c751e8b465ee728b)  -> (artifact id: '6faec022052e006291a734c4217a6d91') in 0.002646 seconds
  Import took 0.005067 seconds .

========================================================================
Received Import Request.
  Time since last request: 0.012896 seconds.
  path: Assets/Scenes/SampleScene.unity
  artifactKey: Guid(9fc0d4010bbf28b4594072e72b8655ab) Importer(815301076,1909f56bfc062723c751e8b465ee728b)
Start importing Assets/Scenes/SampleScene.unity using Guid(9fc0d4010bbf28b4594072e72b8655ab) Importer(815301076,1909f56bfc062723c751e8b465ee728b)  -> (artifact id: '6faec022052e006291a734c4217a6d91') in 0.004347 seconds
  Import took 0.008316 seconds .

========================================================================
Received Import Request.
  Time since last request: 0.994904 seconds.
  path: Assets/Scenes/MainMenu.unity
  artifactKey: Guid(9a5013f8dfbf6dd48987dbfa69899b72) Importer(815301076,1909f56bfc062723c751e8b465ee728b)
Start importing Assets/Scenes/MainMenu.unity using Guid(9a5013f8dfbf6dd48987dbfa69899b72) Importer(815301076,1909f56bfc062723c751e8b465ee728b)  -> (artifact id: '5c72ba1729ced3bd951339d25d4349d9') in 0.004869 seconds
  Import took 0.007956 seconds .

========================================================================
Received Import Request.
  Time since last request: 79.171646 seconds.
  path: Assets/Phictures
  artifactKey: Guid(0c789a2d087a97048b71ce268375bdb1) Importer(815301076,1909f56bfc062723c751e8b465ee728b)
Start importing Assets/Phictures using Guid(0c789a2d087a97048b71ce268375bdb1) Importer(815301076,1909f56bfc062723c751e8b465ee728b)  -> (artifact id: '28dc7f0986a8b9e0724fc725f2ce1c3f') in 0.010339 seconds
  Import took 0.013749 seconds .

========================================================================
Received Import Request.
  Time since last request: 7.206142 seconds.
  path: Assets/Phictures/background.png
  artifactKey: Guid(e68140542f302004784e8e13eb076ec7) Importer(815301076,1909f56bfc062723c751e8b465ee728b)
Start importing Assets/Phictures/background.png using Guid(e68140542f302004784e8e13eb076ec7) Importer(815301076,1909f56bfc062723c751e8b465ee728b)  -> (artifact id: 'c0f5102c1560ff3429e78ea1025bc55e') in 0.086995 seconds
  Import took 0.089158 seconds .

========================================================================
Received Import Request.
  Time since last request: 6.344290 seconds.
  path: Assets/Phictures/background.png
  artifactKey: Guid(e68140542f302004784e8e13eb076ec7) Importer(815301076,1909f56bfc062723c751e8b465ee728b)
Start importing Assets/Phictures/background.png using Guid(e68140542f302004784e8e13eb076ec7) Importer(815301076,1909f56bfc062723c751e8b465ee728b)  -> (artifact id: 'cb687c4179afe1e9c94972391be1c288') in 0.030532 seconds
  Import took 0.032832 seconds .

========================================================================
Received Import Request.
  Time since last request: 108.621821 seconds.
  path: Assets/Textures/GridBox_Default.png
  artifactKey: Guid(3b99e8a61cc2c2644b7a22e404d75f3b) Importer(815301076,1909f56bfc062723c751e8b465ee728b)
Start importing Assets/Textures/GridBox_Default.png using Guid(3b99e8a61cc2c2644b7a22e404d75f3b) Importer(815301076,1909f56bfc062723c751e8b465ee728b)  -> (artifact id: 'c0f2acb075498ef5426374a96cccba26') in 0.006839 seconds
  Import took 0.009966 seconds .

AssetImportWorkerClient::OnTransportError - code=2 error=End of file
