Using pre-set license
Built from '2020.3/staging' branch; Version is '2020.3.6f1 (338bb68529b2) revision 3378102'; Using compiler version '192528614'; Build Type 'Release'
OS: 'Windows 10 Pro; OS build 19042.985; Version 2009; 64bit' Language: 'en' Physical Memory: 22523 MB
BatchMode: 1, IsHumanControllingUs: 0, StartBugReporterOnCrash: 0, Is64bit: 1, IsPro: 0

 COMMAND LINE ARGUMENTS:
C:\Program Files\Unity\Hub\Editor\2020.3.6f1\Editor\Unity.exe
-adb2
-batchMode
-noUpm
-name
AssetImportWorker1
-projectPath
C:/Unity Projects/TheGame/TheGame
-logFile
Logs/AssetImportWorker1.log
-srvPort
64149
Successfully changed project path to: C:/Unity Projects/TheGame/TheGame
C:/Unity Projects/TheGame/TheGame
Using Asset Import Pipeline V2.
Refreshing native plugins compatible for Editor in 92.18 ms, found 0 plugins.
Preloading 0 native plugins for Editor in 0.00 ms.
Initialize engine version: 2020.3.6f1 (338bb68529b2)
[Subsystems] Discovering subsystems at path C:/Program Files/Unity/Hub/Editor/2020.3.6f1/Editor/Data/Resources/UnitySubsystems
[Subsystems] Discovering subsystems at path C:/Unity Projects/TheGame/TheGame/Assets
GfxDevice: creating device client; threaded=0
Direct3D:
    Version:  Direct3D 11.0 [level 11.0]
    Renderer: NVIDIA GeForce GTX 750 Ti (ID=0x1380)
    Vendor:   
    VRAM:     2007 MB
    Driver:   27.21.14.6627
Initialize mono
Mono path[0] = 'C:/Program Files/Unity/Hub/Editor/2020.3.6f1/Editor/Data/Managed'
Mono path[1] = 'C:/Program Files/Unity/Hub/Editor/2020.3.6f1/Editor/Data/MonoBleedingEdge/lib/mono/unityjit'
Mono config path = 'C:/Program Files/Unity/Hub/Editor/2020.3.6f1/Editor/Data/MonoBleedingEdge/etc'
Using monoOptions --debugger-agent=transport=dt_socket,embedding=1,server=y,suspend=n,address=127.0.0.1:56608
Begin MonoManager ReloadAssembly
Registering precompiled unity dll's ...
Register platform support module: C:/Program Files/Unity/Hub/Editor/2020.3.6f1/Editor/Data/PlaybackEngines/WindowsStandaloneSupport/UnityEditor.WindowsStandalone.Extensions.dll
Registered in 0.003783 seconds.
Native extension for WindowsStandalone target not found
Refreshing native plugins compatible for Editor in 49.04 ms, found 0 plugins.
Preloading 0 native plugins for Editor in 0.00 ms.
Mono: successfully reloaded assembly
- Completed reload, in  2.720 seconds
Platform modules already initialized, skipping
Registering precompiled user dll's ...
Registered in 0.001315 seconds.
Begin MonoManager ReloadAssembly
Native extension for WindowsStandalone target not found
Refreshing native plugins compatible for Editor in 0.51 ms, found 0 plugins.
Preloading 0 native plugins for Editor in 0.00 ms.
Mono: successfully reloaded assembly
- Completed reload, in  1.919 seconds
Platform modules already initialized, skipping
========================================================================
Worker process is ready to serve import requests
Launched and connected shader compiler UnityShaderCompiler.exe after 0.07 seconds
Refreshing native plugins compatible for Editor in 0.92 ms, found 0 plugins.
Preloading 0 native plugins for Editor in 0.00 ms.
Unloading 1128 Unused Serialized files (Serialized files now loaded: 0)
System memory in use before: 65.0 MB.
System memory in use after: 65.1 MB.

Unloading 10 unused Assets to reduce memory usage. Loaded Objects now: 1582.
Total: 3.489300 ms (FindLiveObjects: 0.383200 ms CreateObjectMapping: 0.074000 ms MarkObjects: 2.823800 ms  DeleteObjects: 0.205800 ms)

========================================================================
Received Import Request.
  path: Assets/Scripts/PlayerMovement.cs
  artifactKey: Guid(2343de7186ae13545adaf7c9c43a9cba) Importer(815301076,1909f56bfc062723c751e8b465ee728b)
Start importing Assets/Scripts/PlayerMovement.cs using Guid(2343de7186ae13545adaf7c9c43a9cba) Importer(815301076,1909f56bfc062723c751e8b465ee728b)  -> (artifact id: '21c0148185b6762141eb9be097d72eba') in 0.052868 seconds
  Import took 0.056284 seconds .

========================================================================
Received Import Request.
  Time since last request: 11.847395 seconds.
  path: Assets/Scripts/PlayerMovement.cs
  artifactKey: Guid(2343de7186ae13545adaf7c9c43a9cba) Importer(815301076,1909f56bfc062723c751e8b465ee728b)
Start importing Assets/Scripts/PlayerMovement.cs using Guid(2343de7186ae13545adaf7c9c43a9cba) Importer(815301076,1909f56bfc062723c751e8b465ee728b)  -> (artifact id: '7449809c0d49848fb10d4ab0c1970814') in 0.038386 seconds
  Import took 0.041836 seconds .

========================================================================
Received Import Request.
  Time since last request: 0.372174 seconds.
  path: Assets/Scripts/PlayerMovement.cs
  artifactKey: Guid(2343de7186ae13545adaf7c9c43a9cba) Importer(815301076,1909f56bfc062723c751e8b465ee728b)
Start importing Assets/Scripts/PlayerMovement.cs using Guid(2343de7186ae13545adaf7c9c43a9cba) Importer(815301076,1909f56bfc062723c751e8b465ee728b)  -> (artifact id: '7449809c0d49848fb10d4ab0c1970814') in 0.024821 seconds
  Import took 0.030912 seconds .

========================================================================
Received Prepare
Registering precompiled user dll's ...
Registered in 0.001246 seconds.
Begin MonoManager ReloadAssembly
Native extension for WindowsStandalone target not found
Refreshing native plugins compatible for Editor in 0.52 ms, found 0 plugins.
Preloading 0 native plugins for Editor in 0.00 ms.
Mono: successfully reloaded assembly
- Completed reload, in  2.871 seconds
Platform modules already initialized, skipping
Refreshing native plugins compatible for Editor in 0.48 ms, found 0 plugins.
Preloading 0 native plugins for Editor in 0.00 ms.
Unloading 1123 Unused Serialized files (Serialized files now loaded: 0)
System memory in use before: 65.0 MB.
System memory in use after: 65.0 MB.

Unloading 5 unused Assets to reduce memory usage. Loaded Objects now: 1585.
Total: 3.283500 ms (FindLiveObjects: 0.354500 ms CreateObjectMapping: 0.080200 ms MarkObjects: 2.738300 ms  DeleteObjects: 0.108600 ms)

========================================================================
Received Import Request.
  Time since last request: 35.659731 seconds.
  path: Assets/Scripts/doorKeyOpen2.cs
  artifactKey: Guid(84ee9ca65f5587044ae1d1d79fc816bd) Importer(815301076,1909f56bfc062723c751e8b465ee728b)
Start importing Assets/Scripts/doorKeyOpen2.cs using Guid(84ee9ca65f5587044ae1d1d79fc816bd) Importer(815301076,1909f56bfc062723c751e8b465ee728b)  -> (artifact id: 'bd8f2bea9991af9b02e8a756a05a032d') in 0.047181 seconds
  Import took 0.053849 seconds .

========================================================================
Received Prepare
Registering precompiled user dll's ...
Registered in 0.001229 seconds.
Begin MonoManager ReloadAssembly
Native extension for WindowsStandalone target not found
Refreshing native plugins compatible for Editor in 0.46 ms, found 0 plugins.
Preloading 0 native plugins for Editor in 0.00 ms.
Mono: successfully reloaded assembly
- Completed reload, in  1.998 seconds
Platform modules already initialized, skipping
Refreshing native plugins compatible for Editor in 3.31 ms, found 0 plugins.
Preloading 0 native plugins for Editor in 0.00 ms.
Unloading 1124 Unused Serialized files (Serialized files now loaded: 0)
System memory in use before: 65.0 MB.
System memory in use after: 65.1 MB.

Unloading 5 unused Assets to reduce memory usage. Loaded Objects now: 1589.
Total: 15.520500 ms (FindLiveObjects: 0.410800 ms CreateObjectMapping: 0.128600 ms MarkObjects: 14.833900 ms  DeleteObjects: 0.144000 ms)

========================================================================
Received Prepare
Registering precompiled user dll's ...
Registered in 0.001221 seconds.
Begin MonoManager ReloadAssembly
Native extension for WindowsStandalone target not found
Refreshing native plugins compatible for Editor in 0.46 ms, found 0 plugins.
Preloading 0 native plugins for Editor in 0.00 ms.
Mono: successfully reloaded assembly
- Completed reload, in  1.841 seconds
Platform modules already initialized, skipping
Refreshing native plugins compatible for Editor in 0.46 ms, found 0 plugins.
Preloading 0 native plugins for Editor in 0.00 ms.
Unloading 1124 Unused Serialized files (Serialized files now loaded: 0)
System memory in use before: 65.0 MB.
System memory in use after: 65.1 MB.

Unloading 5 unused Assets to reduce memory usage. Loaded Objects now: 1592.
Total: 3.599200 ms (FindLiveObjects: 0.419400 ms CreateObjectMapping: 0.093200 ms MarkObjects: 2.963000 ms  DeleteObjects: 0.122100 ms)

========================================================================
Received Import Request.
  Time since last request: 187.515372 seconds.
  path: Assets/Scripts/doorKeyOpen2.cs
  artifactKey: Guid(84ee9ca65f5587044ae1d1d79fc816bd) Importer(815301076,1909f56bfc062723c751e8b465ee728b)
Start importing Assets/Scripts/doorKeyOpen2.cs using Guid(84ee9ca65f5587044ae1d1d79fc816bd) Importer(815301076,1909f56bfc062723c751e8b465ee728b)  -> (artifact id: 'dedf26f5bebe4db3b3770f2025ab42cb') in 0.023643 seconds
  Import took 0.027401 seconds .

========================================================================
Received Prepare
Registering precompiled user dll's ...
Registered in 0.001334 seconds.
Begin MonoManager ReloadAssembly
Native extension for WindowsStandalone target not found
Refreshing native plugins compatible for Editor in 0.49 ms, found 0 plugins.
Preloading 0 native plugins for Editor in 0.00 ms.
Mono: successfully reloaded assembly
- Completed reload, in  2.382 seconds
Platform modules already initialized, skipping
Refreshing native plugins compatible for Editor in 0.52 ms, found 0 plugins.
Preloading 0 native plugins for Editor in 0.00 ms.
Unloading 1124 Unused Serialized files (Serialized files now loaded: 0)
System memory in use before: 65.0 MB.
System memory in use after: 65.1 MB.

Unloading 5 unused Assets to reduce memory usage. Loaded Objects now: 1595.
Total: 5.602800 ms (FindLiveObjects: 0.490000 ms CreateObjectMapping: 0.083400 ms MarkObjects: 4.834100 ms  DeleteObjects: 0.192700 ms)

========================================================================
Received Prepare
Registering precompiled user dll's ...
Registered in 0.001271 seconds.
Begin MonoManager ReloadAssembly
Native extension for WindowsStandalone target not found
Refreshing native plugins compatible for Editor in 1.35 ms, found 0 plugins.
Preloading 0 native plugins for Editor in 0.00 ms.
Mono: successfully reloaded assembly
- Completed reload, in  2.175 seconds
Platform modules already initialized, skipping
Refreshing native plugins compatible for Editor in 0.52 ms, found 0 plugins.
Preloading 0 native plugins for Editor in 0.00 ms.
Unloading 1124 Unused Serialized files (Serialized files now loaded: 0)
System memory in use before: 65.0 MB.
System memory in use after: 65.1 MB.

Unloading 5 unused Assets to reduce memory usage. Loaded Objects now: 1598.
Total: 3.385800 ms (FindLiveObjects: 0.372800 ms CreateObjectMapping: 0.074000 ms MarkObjects: 2.798500 ms  DeleteObjects: 0.137800 ms)

========================================================================
Received Import Request.
  Time since last request: 94.115732 seconds.
  path: Assets/Scripts/doorKeyOpen2.cs
  artifactKey: Guid(84ee9ca65f5587044ae1d1d79fc816bd) Importer(815301076,1909f56bfc062723c751e8b465ee728b)
Start importing Assets/Scripts/doorKeyOpen2.cs using Guid(84ee9ca65f5587044ae1d1d79fc816bd) Importer(815301076,1909f56bfc062723c751e8b465ee728b)  -> (artifact id: '77fbe11e3ec66080ed2a0f8165e58891') in 0.014614 seconds
  Import took 0.017713 seconds .

========================================================================
Received Prepare
Registering precompiled user dll's ...
Registered in 0.001552 seconds.
Begin MonoManager ReloadAssembly
Native extension for WindowsStandalone target not found
Refreshing native plugins compatible for Editor in 0.57 ms, found 0 plugins.
Preloading 0 native plugins for Editor in 0.00 ms.
Mono: successfully reloaded assembly
- Completed reload, in  2.091 seconds
Platform modules already initialized, skipping
Refreshing native plugins compatible for Editor in 0.45 ms, found 0 plugins.
Preloading 0 native plugins for Editor in 0.00 ms.
Unloading 1124 Unused Serialized files (Serialized files now loaded: 0)
System memory in use before: 65.0 MB.
System memory in use after: 65.1 MB.

Unloading 5 unused Assets to reduce memory usage. Loaded Objects now: 1601.
Total: 15.824800 ms (FindLiveObjects: 0.974100 ms CreateObjectMapping: 0.093200 ms MarkObjects: 14.564000 ms  DeleteObjects: 0.189800 ms)

========================================================================
Received Prepare
Registering precompiled user dll's ...
Registered in 0.001347 seconds.
Begin MonoManager ReloadAssembly
Native extension for WindowsStandalone target not found
Refreshing native plugins compatible for Editor in 0.57 ms, found 0 plugins.
Preloading 0 native plugins for Editor in 0.00 ms.
Mono: successfully reloaded assembly
- Completed reload, in  1.942 seconds
Platform modules already initialized, skipping
Refreshing native plugins compatible for Editor in 0.66 ms, found 0 plugins.
Preloading 0 native plugins for Editor in 0.00 ms.
Unloading 1124 Unused Serialized files (Serialized files now loaded: 0)
System memory in use before: 65.0 MB.
System memory in use after: 65.1 MB.

Unloading 5 unused Assets to reduce memory usage. Loaded Objects now: 1604.
Total: 3.257100 ms (FindLiveObjects: 0.360500 ms CreateObjectMapping: 0.072500 ms MarkObjects: 2.714800 ms  DeleteObjects: 0.107000 ms)

========================================================================
Received Prepare
Registering precompiled user dll's ...
Registered in 0.001918 seconds.
Begin MonoManager ReloadAssembly
Native extension for WindowsStandalone target not found
Refreshing native plugins compatible for Editor in 0.46 ms, found 0 plugins.
Preloading 0 native plugins for Editor in 0.00 ms.
Mono: successfully reloaded assembly
- Completed reload, in  1.785 seconds
Platform modules already initialized, skipping
Refreshing native plugins compatible for Editor in 0.84 ms, found 0 plugins.
Preloading 0 native plugins for Editor in 0.00 ms.
Unloading 1124 Unused Serialized files (Serialized files now loaded: 0)
System memory in use before: 65.0 MB.
System memory in use after: 65.1 MB.

Unloading 5 unused Assets to reduce memory usage. Loaded Objects now: 1607.
Total: 7.435100 ms (FindLiveObjects: 0.465500 ms CreateObjectMapping: 0.739500 ms MarkObjects: 6.103700 ms  DeleteObjects: 0.124300 ms)

========================================================================
Received Import Request.
  Time since last request: 823.003773 seconds.
  path: Assets/Scripts/DoorWithKey2.cs
  artifactKey: Guid(1bd36d7bc7980f2478acec4f7fc28df5) Importer(815301076,1909f56bfc062723c751e8b465ee728b)
Start importing Assets/Scripts/DoorWithKey2.cs using Guid(1bd36d7bc7980f2478acec4f7fc28df5) Importer(815301076,1909f56bfc062723c751e8b465ee728b)  -> (artifact id: 'de218dadbfa0066dd36afa14e1764791') in 0.170526 seconds
  Import took 0.179546 seconds .

========================================================================
Received Prepare
Registering precompiled user dll's ...
Registered in 0.002883 seconds.
Begin MonoManager ReloadAssembly
Native extension for WindowsStandalone target not found
Refreshing native plugins compatible for Editor in 0.50 ms, found 0 plugins.
Preloading 0 native plugins for Editor in 0.00 ms.
Mono: successfully reloaded assembly
- Completed reload, in  2.395 seconds
Platform modules already initialized, skipping
Refreshing native plugins compatible for Editor in 0.49 ms, found 0 plugins.
Preloading 0 native plugins for Editor in 0.00 ms.
Unloading 1125 Unused Serialized files (Serialized files now loaded: 0)
System memory in use before: 65.1 MB.
System memory in use after: 65.1 MB.

Unloading 5 unused Assets to reduce memory usage. Loaded Objects now: 1611.
Total: 20.736700 ms (FindLiveObjects: 0.483700 ms CreateObjectMapping: 0.129700 ms MarkObjects: 19.988900 ms  DeleteObjects: 0.131100 ms)

========================================================================
Received Prepare
Registering precompiled user dll's ...
Registered in 0.001539 seconds.
Begin MonoManager ReloadAssembly
Native extension for WindowsStandalone target not found
Refreshing native plugins compatible for Editor in 0.44 ms, found 0 plugins.
Preloading 0 native plugins for Editor in 0.00 ms.
Mono: successfully reloaded assembly
- Completed reload, in  1.652 seconds
Platform modules already initialized, skipping
Refreshing native plugins compatible for Editor in 0.48 ms, found 0 plugins.
Preloading 0 native plugins for Editor in 0.00 ms.
Unloading 1125 Unused Serialized files (Serialized files now loaded: 0)
System memory in use before: 65.1 MB.
System memory in use after: 65.2 MB.

Unloading 5 unused Assets to reduce memory usage. Loaded Objects now: 1614.
Total: 5.157600 ms (FindLiveObjects: 0.425500 ms CreateObjectMapping: 0.101400 ms MarkObjects: 4.515800 ms  DeleteObjects: 0.112600 ms)

========================================================================
Received Import Request.
  Time since last request: 50.244849 seconds.
  path: Assets/Scripts/DoorWithKey2.cs
  artifactKey: Guid(1bd36d7bc7980f2478acec4f7fc28df5) Importer(815301076,1909f56bfc062723c751e8b465ee728b)
Start importing Assets/Scripts/DoorWithKey2.cs using Guid(1bd36d7bc7980f2478acec4f7fc28df5) Importer(815301076,1909f56bfc062723c751e8b465ee728b)  -> (artifact id: 'b4ffec8541f0f6b7c50b37d2a374ea2f') in 0.017723 seconds
  Import took 0.021859 seconds .

========================================================================
Received Prepare
Registering precompiled user dll's ...
Registered in 0.001353 seconds.
Begin MonoManager ReloadAssembly
Native extension for WindowsStandalone target not found
Refreshing native plugins compatible for Editor in 0.55 ms, found 0 plugins.
Preloading 0 native plugins for Editor in 0.00 ms.
Mono: successfully reloaded assembly
- Completed reload, in  1.780 seconds
Platform modules already initialized, skipping
Refreshing native plugins compatible for Editor in 0.50 ms, found 0 plugins.
Preloading 0 native plugins for Editor in 0.00 ms.
Unloading 1125 Unused Serialized files (Serialized files now loaded: 0)
System memory in use before: 65.1 MB.
System memory in use after: 65.2 MB.

Unloading 5 unused Assets to reduce memory usage. Loaded Objects now: 1617.
Total: 4.979200 ms (FindLiveObjects: 0.719800 ms CreateObjectMapping: 0.093300 ms MarkObjects: 4.029400 ms  DeleteObjects: 0.134100 ms)

========================================================================
Received Prepare
Registering precompiled user dll's ...
Registered in 0.004113 seconds.
Begin MonoManager ReloadAssembly
Native extension for WindowsStandalone target not found
Refreshing native plugins compatible for Editor in 0.47 ms, found 0 plugins.
Preloading 0 native plugins for Editor in 0.00 ms.
Mono: successfully reloaded assembly
- Completed reload, in  1.757 seconds
Platform modules already initialized, skipping
Refreshing native plugins compatible for Editor in 0.68 ms, found 0 plugins.
Preloading 0 native plugins for Editor in 0.00 ms.
Unloading 1125 Unused Serialized files (Serialized files now loaded: 0)
System memory in use before: 65.1 MB.
System memory in use after: 65.2 MB.

Unloading 5 unused Assets to reduce memory usage. Loaded Objects now: 1620.
Total: 3.335300 ms (FindLiveObjects: 0.458300 ms CreateObjectMapping: 0.078500 ms MarkObjects: 2.687900 ms  DeleteObjects: 0.108300 ms)

========================================================================
Received Prepare
Registering precompiled user dll's ...
Registered in 0.002070 seconds.
Begin MonoManager ReloadAssembly
Native extension for WindowsStandalone target not found
Refreshing native plugins compatible for Editor in 0.51 ms, found 0 plugins.
Preloading 0 native plugins for Editor in 0.00 ms.
Mono: successfully reloaded assembly
- Completed reload, in  2.715 seconds
Platform modules already initialized, skipping
Refreshing native plugins compatible for Editor in 0.47 ms, found 0 plugins.
Preloading 0 native plugins for Editor in 0.00 ms.
Unloading 1125 Unused Serialized files (Serialized files now loaded: 0)
System memory in use before: 65.1 MB.
System memory in use after: 65.2 MB.

Unloading 5 unused Assets to reduce memory usage. Loaded Objects now: 1623.
Total: 5.001900 ms (FindLiveObjects: 0.689000 ms CreateObjectMapping: 0.082400 ms MarkObjects: 4.067800 ms  DeleteObjects: 0.160600 ms)

========================================================================
Received Prepare
Registering precompiled user dll's ...
Registered in 0.001261 seconds.
Begin MonoManager ReloadAssembly
Native extension for WindowsStandalone target not found
Refreshing native plugins compatible for Editor in 0.47 ms, found 0 plugins.
Preloading 0 native plugins for Editor in 0.00 ms.
Mono: successfully reloaded assembly
- Completed reload, in  1.966 seconds
Platform modules already initialized, skipping
Refreshing native plugins compatible for Editor in 0.58 ms, found 0 plugins.
Preloading 0 native plugins for Editor in 0.00 ms.
Unloading 1125 Unused Serialized files (Serialized files now loaded: 0)
System memory in use before: 65.1 MB.
System memory in use after: 65.2 MB.

Unloading 5 unused Assets to reduce memory usage. Loaded Objects now: 1626.
Total: 3.745700 ms (FindLiveObjects: 0.383100 ms CreateObjectMapping: 0.132100 ms MarkObjects: 3.115300 ms  DeleteObjects: 0.112700 ms)

========================================================================
Received Prepare
Registering precompiled user dll's ...
Registered in 0.001396 seconds.
Begin MonoManager ReloadAssembly
Native extension for WindowsStandalone target not found
Refreshing native plugins compatible for Editor in 0.46 ms, found 0 plugins.
Preloading 0 native plugins for Editor in 0.00 ms.
Mono: successfully reloaded assembly
- Completed reload, in  1.997 seconds
Platform modules already initialized, skipping
Refreshing native plugins compatible for Editor in 0.50 ms, found 0 plugins.
Preloading 0 native plugins for Editor in 0.00 ms.
Unloading 1125 Unused Serialized files (Serialized files now loaded: 0)
System memory in use before: 65.1 MB.
System memory in use after: 65.2 MB.

Unloading 5 unused Assets to reduce memory usage. Loaded Objects now: 1629.
Total: 4.792200 ms (FindLiveObjects: 0.660600 ms CreateObjectMapping: 0.225400 ms MarkObjects: 3.780000 ms  DeleteObjects: 0.123500 ms)

========================================================================
Received Prepare
Registering precompiled user dll's ...
Registered in 0.001256 seconds.
Begin MonoManager ReloadAssembly
Native extension for WindowsStandalone target not found
Refreshing native plugins compatible for Editor in 0.45 ms, found 0 plugins.
Preloading 0 native plugins for Editor in 0.00 ms.
Mono: successfully reloaded assembly
- Completed reload, in  2.288 seconds
Platform modules already initialized, skipping
Refreshing native plugins compatible for Editor in 0.52 ms, found 0 plugins.
Preloading 0 native plugins for Editor in 0.00 ms.
Unloading 1125 Unused Serialized files (Serialized files now loaded: 0)
System memory in use before: 65.1 MB.
System memory in use after: 65.2 MB.

Unloading 5 unused Assets to reduce memory usage. Loaded Objects now: 1632.
Total: 3.235000 ms (FindLiveObjects: 0.381600 ms CreateObjectMapping: 0.075400 ms MarkObjects: 2.666400 ms  DeleteObjects: 0.108600 ms)

========================================================================
Received Import Request.
  Time since last request: 1040.057552 seconds.
  path: Assets/Horror School Props/Materials/BlackBoard.mat
  artifactKey: Guid(43f7616b64537dc45b4cc6aa5fcc14ed) Importer(815301076,1909f56bfc062723c751e8b465ee728b)
Start importing Assets/Horror School Props/Materials/BlackBoard.mat using Guid(43f7616b64537dc45b4cc6aa5fcc14ed) Importer(815301076,1909f56bfc062723c751e8b465ee728b)  -> (artifact id: '77a6dcdfc062be0a7ba8c429a5a7afba') in 0.275336 seconds
  Import took 0.280786 seconds .

========================================================================
Received Import Request.
  Time since last request: 0.000067 seconds.
  path: Assets/Horror School Props/Materials/Pencil_Box.mat
  artifactKey: Guid(79ff984e74a8fc94fb43fd954332c95c) Importer(815301076,1909f56bfc062723c751e8b465ee728b)
Start importing Assets/Horror School Props/Materials/Pencil_Box.mat using Guid(79ff984e74a8fc94fb43fd954332c95c) Importer(815301076,1909f56bfc062723c751e8b465ee728b)  -> (artifact id: '8254a60bd018cbb6dd607e91701802f7') in 0.093456 seconds
  Import took 0.097603 seconds .

========================================================================
Received Import Request.
  Time since last request: 0.000510 seconds.
  path: Assets/Horror School Props/Materials/Large_Shelf.mat
  artifactKey: Guid(4534fc4050c497c42857b079971debaf) Importer(815301076,1909f56bfc062723c751e8b465ee728b)
Start importing Assets/Horror School Props/Materials/Large_Shelf.mat using Guid(4534fc4050c497c42857b079971debaf) Importer(815301076,1909f56bfc062723c751e8b465ee728b)  -> (artifact id: '9b262f0abfad664cb4241c790d042b33') in 0.079787 seconds
  Import took 0.083929 seconds .

========================================================================
Received Import Request.
  Time since last request: 0.001439 seconds.
  path: Assets/Horror School Props/Materials/Teacher_Chair.mat
  artifactKey: Guid(060776c5649724542a491b93c185d2ce) Importer(815301076,1909f56bfc062723c751e8b465ee728b)
Start importing Assets/Horror School Props/Materials/Teacher_Chair.mat using Guid(060776c5649724542a491b93c185d2ce) Importer(815301076,1909f56bfc062723c751e8b465ee728b)  -> (artifact id: 'becbbf757426b1fad9fd1191a9e0d5ef') in 0.097072 seconds
  Import took 0.101127 seconds .

========================================================================
Received Import Request.
  Time since last request: 0.000066 seconds.
  path: Assets/Horror School Props/Materials/Book.mat
  artifactKey: Guid(faa696ba114eff840bcf2b45b6373ece) Importer(815301076,1909f56bfc062723c751e8b465ee728b)
Start importing Assets/Horror School Props/Materials/Book.mat using Guid(faa696ba114eff840bcf2b45b6373ece) Importer(815301076,1909f56bfc062723c751e8b465ee728b)  -> (artifact id: '87b5a7ea0b614c21f269799094798359') in 0.068802 seconds
  Import took 0.072878 seconds .

========================================================================
Received Import Request.
  Time since last request: 0.000724 seconds.
  path: Assets/Horror School Props/Materials/Paper.mat
  artifactKey: Guid(b8f585517974cd949b9c3aba274b118a) Importer(815301076,1909f56bfc062723c751e8b465ee728b)
Start importing Assets/Horror School Props/Materials/Paper.mat using Guid(b8f585517974cd949b9c3aba274b118a) Importer(815301076,1909f56bfc062723c751e8b465ee728b)  -> (artifact id: '248f828ef9d78cba8fe7fc15cd4bb02a') in 0.060473 seconds
  Import took 0.066643 seconds .

========================================================================
Received Import Request.
  Time since last request: 0.000259 seconds.
  path: Assets/Horror School Props/Materials/Sch_Table.mat
  artifactKey: Guid(843da16fab42b8046a99151f323fe1bd) Importer(815301076,1909f56bfc062723c751e8b465ee728b)
Start importing Assets/Horror School Props/Materials/Sch_Table.mat using Guid(843da16fab42b8046a99151f323fe1bd) Importer(815301076,1909f56bfc062723c751e8b465ee728b)  -> (artifact id: '8101e774256d51736a4a1fce0b8fd25a') in 0.061016 seconds
  Import took 0.066404 seconds .

========================================================================
Received Import Request.
  Time since last request: 0.000379 seconds.
  path: Assets/Horror School Props/Materials/wall.mat
  artifactKey: Guid(02a1ca010017a044cb4d046c796bd355) Importer(815301076,1909f56bfc062723c751e8b465ee728b)
Start importing Assets/Horror School Props/Materials/wall.mat using Guid(02a1ca010017a044cb4d046c796bd355) Importer(815301076,1909f56bfc062723c751e8b465ee728b)  -> (artifact id: '46e341cbb320c9a8cfd1b7e8a7c65f5b') in 0.050056 seconds
  Import took 0.053747 seconds .

========================================================================
Received Import Request.
  Time since last request: 0.000529 seconds.
  path: Assets/Horror School Props/Materials/Info_Board.mat
  artifactKey: Guid(0a3fd9821c724d441ac389e97b48eea6) Importer(815301076,1909f56bfc062723c751e8b465ee728b)
Start importing Assets/Horror School Props/Materials/Info_Board.mat using Guid(0a3fd9821c724d441ac389e97b48eea6) Importer(815301076,1909f56bfc062723c751e8b465ee728b)  -> (artifact id: '4a25d669021da4263efea52d6afa169a') in 0.061173 seconds
  Import took 0.065754 seconds .

========================================================================
Received Import Request.
  Time since last request: 0.000293 seconds.
  path: Assets/Horror School Props/Materials/World_Globe.mat
  artifactKey: Guid(e54eab70900191a4383745cbeea04e1a) Importer(815301076,1909f56bfc062723c751e8b465ee728b)
Start importing Assets/Horror School Props/Materials/World_Globe.mat using Guid(e54eab70900191a4383745cbeea04e1a) Importer(815301076,1909f56bfc062723c751e8b465ee728b)  -> (artifact id: '740bc383a66ef2f7d173b70d4cab8d6a') in 0.047328 seconds
  Import took 0.050571 seconds .

========================================================================
Received Import Request.
  Time since last request: 0.000064 seconds.
  path: Assets/Horror School Props/Materials/Lunch_Box.mat
  artifactKey: Guid(49762db6c30063c48b56c7cc36abab1a) Importer(815301076,1909f56bfc062723c751e8b465ee728b)
Start importing Assets/Horror School Props/Materials/Lunch_Box.mat using Guid(49762db6c30063c48b56c7cc36abab1a) Importer(815301076,1909f56bfc062723c751e8b465ee728b)  -> (artifact id: '6e8f6455551a2937e0958d979a6a77e1') in 0.051046 seconds
  Import took 0.054623 seconds .

========================================================================
Received Import Request.
  Time since last request: 0.000760 seconds.
  path: Assets/Horror School Props/Materials/Drawer.mat
  artifactKey: Guid(151c5a5238ef5524982608e41ef69755) Importer(815301076,1909f56bfc062723c751e8b465ee728b)
Start importing Assets/Horror School Props/Materials/Drawer.mat using Guid(151c5a5238ef5524982608e41ef69755) Importer(815301076,1909f56bfc062723c751e8b465ee728b)  -> (artifact id: 'b9f722ba3a7db70e83d3611621b63965') in 0.041709 seconds
  Import took 0.049027 seconds .

========================================================================
Received Import Request.
  Time since last request: 0.000383 seconds.
  path: Assets/Horror School Props/Materials/Sch_Chair.mat
  artifactKey: Guid(54f4104db6d9f91449786e8c3d962232) Importer(815301076,1909f56bfc062723c751e8b465ee728b)
Start importing Assets/Horror School Props/Materials/Sch_Chair.mat using Guid(54f4104db6d9f91449786e8c3d962232) Importer(815301076,1909f56bfc062723c751e8b465ee728b)  -> (artifact id: 'ea9c1439b4e723e133238147580ab86c') in 0.130143 seconds
  Import took 0.134089 seconds .

========================================================================
Received Import Request.
  Time since last request: 0.000323 seconds.
  path: Assets/Horror School Props/Materials/Teacher_Desk.mat
  artifactKey: Guid(d5cad01fa89b8e84185452fa436154a5) Importer(815301076,1909f56bfc062723c751e8b465ee728b)
Start importing Assets/Horror School Props/Materials/Teacher_Desk.mat using Guid(d5cad01fa89b8e84185452fa436154a5) Importer(815301076,1909f56bfc062723c751e8b465ee728b)  -> (artifact id: 'cc802163357bb4c3405903fae9144f9d') in 0.061582 seconds
  Import took 0.066429 seconds .

========================================================================
Received Prepare
Registering precompiled user dll's ...
Registered in 0.001701 seconds.
Begin MonoManager ReloadAssembly
Native extension for WindowsStandalone target not found
Refreshing native plugins compatible for Editor in 0.49 ms, found 0 plugins.
Preloading 0 native plugins for Editor in 0.00 ms.
Mono: successfully reloaded assembly
- Completed reload, in  1.782 seconds
Platform modules already initialized, skipping
Refreshing native plugins compatible for Editor in 0.96 ms, found 0 plugins.
Preloading 0 native plugins for Editor in 0.00 ms.
Unloading 1125 Unused Serialized files (Serialized files now loaded: 0)
System memory in use before: 68.5 MB.
System memory in use after: 68.5 MB.

Unloading 5 unused Assets to reduce memory usage. Loaded Objects now: 1675.
Total: 3.285400 ms (FindLiveObjects: 0.399700 ms CreateObjectMapping: 0.078400 ms MarkObjects: 2.696400 ms  DeleteObjects: 0.108700 ms)

AssetImportWorkerClient::OnTransportError - code=2 error=End of file
